<?xml version="1.0" encoding="UTF-8" standalone="no"?>
<testsuite failures="0" name="cucumber.runtime.formatter.JUnitFormatter" skipped="0" tests="9" time="0">
<testcase classname="Automation Testing of Elearning Website" name="Automate the Groups icon" time="0">
<system-out><![CDATA[Given User is on Elearning platform.........................................skipped
When user enters username and password......................................skipped
And User clicks on the login button.........................................skipped
Then User gets redirected to the dashboard..................................skipped
And User clicks on the My Courses on the menu bar...........................skipped
Then User gets redirected to the My Courses page............................skipped
And User clicks on 123testing...............................................skipped
Then User can see various icons.............................................skipped
Given User can see various icons on my courses option.......................skipped
When User clicks on Groups icon.............................................skipped
Then User is able to navigate to Groups page................................skipped
When User clicks on register button.........................................skipped
Then accept the pop up......................................................skipped
Then User can see group added message.......................................skipped
When user clicks on unregister button.......................................skipped
Then accepts the pop up.....................................................skipped
Then User can see ungroup message...........................................skipped
When User clicks on One of the groups.......................................skipped
Then User is able to see information of that group..........................skipped
]]></system-out>
</testcase>
<testcase classname="Automation Testing of Elearning Website" name="Automate the Chat icon" time="0">
<system-out><![CDATA[Given User is on Elearning platform.........................................skipped
When user enters username and password......................................skipped
And User clicks on the login button.........................................skipped
Then User gets redirected to the dashboard..................................skipped
And User clicks on the My Courses on the menu bar...........................skipped
Then User gets redirected to the My Courses page............................skipped
And User clicks on 123testing...............................................skipped
Then User can see various icons.............................................skipped
Given User can see various icons1...........................................skipped
When User clicks on chat icon...............................................skipped
Then User can able to goto message screen...................................skipped
When User enter "Hi There", "@#$%^&*!?<>!+=" in textarea....................skipped
Then User is able to enter text and special symbols in the write field......skipped
When User clicks send message on entering text and special symbols..........skipped
Then User is able to send message...........................................skipped
]]></system-out>
</testcase>
<testcase classname="Automation Testing of Elearning Website" name="Automate the Assignment icon" time="0">
<system-out><![CDATA[Given User is on Elearning platform.........................................skipped
When user enters username and password......................................skipped
And User clicks on the login button.........................................skipped
Then User gets redirected to the dashboard..................................skipped
And User clicks on the My Courses on the menu bar...........................skipped
Then User gets redirected to the My Courses page............................skipped
And User clicks on 123testing...............................................skipped
Then User can see various icons.............................................skipped
Given User can see various icons2...........................................skipped
When User clicks on assignments icon........................................skipped
Then user is able to see assignment given on selected course................skipped
When user clicks on ani assignment..........................................skipped
Then User is able to see detailed description of assignments................skipped
When user clicks on upload my assignment....................................skipped
Then User is able to open the page from where User can upload assingment....skipped
When User click on Drag and drop file.......................................skipped
Then User can be able to upload the file....................................skipped
When user clicks on upload simple button....................................skipped
Then User can see page from where user should upload assignment solution file.skipped
When User clicks on choose file.............................................skipped
Then User can be able to select file on clicking choose file button.........skipped
Then the title and file extension should be visible.........................skipped
When User clicks on button upload...........................................skipped
Then User can be able to upload file........................................skipped
Then User clicks on Ani link to go back.....................................skipped
When User clicks on save button to save uploaded solution...................skipped
Then User is able to save and download the file.............................skipped
]]></system-out>
</testcase>
<testcase classname="Automation Testing of Elearning Website" name="Automate the survey icon" time="0">
<system-out><![CDATA[Given User is on Elearning platform.........................................skipped
When user enters username and password......................................skipped
And User clicks on the login button.........................................skipped
Then User gets redirected to the dashboard..................................skipped
And User clicks on the My Courses on the menu bar...........................skipped
Then User gets redirected to the My Courses page............................skipped
And User clicks on 123testing...............................................skipped
Then User can see various icons.............................................skipped
Given User can see various icons5...........................................skipped
When User clicks on the survey icon.........................................skipped
Then User is on the survey page.............................................skipped
Then User is able to see survey name on survey page.........................skipped
Then User is able to see anonymous in survey page...........................skipped
]]></system-out>
</testcase>
<testcase classname="Automation Testing of Elearning Website" name="Automate the Wiki icon" time="0">
<system-out><![CDATA[Given User is on Elearning platform.........................................skipped
When user enters username and password......................................skipped
And User clicks on the login button.........................................skipped
Then User gets redirected to the dashboard..................................skipped
And User clicks on the My Courses on the menu bar...........................skipped
Then User gets redirected to the My Courses page............................skipped
And User clicks on 123testing...............................................skipped
Then User can see various icons.............................................skipped
Given User can see various icons3...........................................skipped
When User cicks on Wiki icon................................................skipped
Then User is able to go on home page of wiki................................skipped
When User clicks on Search button...........................................skipped
Then User is able click on search button....................................skipped
Then User is able to go on search page where User can enter fields..........skipped
When user enter "Selenium" in the search term field.........................skipped
Then User is able to enter text in search term field........................skipped
Then User can see result of entered text....................................skipped
When user check the search also in content button...........................skipped
Then User is able to check the search also in content.......................skipped
When user check the Also search in older versions of each page button.......skipped
Then User is able to check Also search in older versions of each page button.skipped
When User clicks on search button after checks button.......................skipped
Then User is able to search the text on clicking search button..............skipped
When User clicks on statistics button.......................................skipped
Then user checks all links are working or not...............................skipped
Then User is able to click on all the links.................................skipped
When User clicks on all pages button........................................skipped
Then User is able to click on the all pages button..........................skipped
Then User is able to see all pages..........................................skipped
When user clicks on latest changes button...................................skipped
Then User is able to click on latest changes button.........................skipped
Then user is able to see changes made last time.............................skipped
When User clicks on notify me of changes button.............................skipped
Then User is able to click on notify me of changes button...................skipped
]]></system-out>
</testcase>
<testcase classname="Automation Testing of Elearning Website" name="Automate the Assessments icon" time="0">
<system-out><![CDATA[Given User is on Elearning platform.........................................skipped
When user enters username and password......................................skipped
And User clicks on the login button.........................................skipped
Then User gets redirected to the dashboard..................................skipped
And User clicks on the My Courses on the menu bar...........................skipped
Then User gets redirected to the My Courses page............................skipped
And User clicks on 123testing...............................................skipped
Then User can see various icons.............................................skipped
Given User can see various icons4...........................................skipped
When User clicks on assessments icon........................................skipped
Then User is able to go on assessments page.................................skipped
When User clicks on list view button........................................skipped
Then User is able to see report in graph....................................skipped
When User clicks on close button............................................skipped
Then list view report will close............................................skipped
When user clicks on show button.............................................skipped
Then user is able to see available tests....................................skipped
When user clicks on mtest link..............................................skipped
Then User is on the start test page.........................................skipped
When User clicks on start test..............................................skipped
Then User is on the assessment page.........................................skipped
When User clicks on tests button again to go back...........................skipped
Then User clicks on assessments button again to go back.....................skipped
When User clicks on download report in pdf button...........................skipped
Then User is able to download pdf...........................................skipped
]]></system-out>
</testcase>
<testcase classname="Automation Testing of Elearning Website" name="Automate the Glossary icon" time="0">
<system-out><![CDATA[Given User is on Elearning platform.........................................skipped
When user enters username and password......................................skipped
And User clicks on the login button.........................................skipped
Then User gets redirected to the dashboard..................................skipped
And User clicks on the My Courses on the menu bar...........................skipped
Then User gets redirected to the My Courses page............................skipped
And User clicks on 123testing...............................................skipped
Then User can see various icons.............................................skipped
Given User can see various icon6............................................skipped
When User clicks on the glossary icon.......................................skipped
Then User is able to see glossary list page.................................skipped
When User clicks on the export button.......................................skipped
Then User is able to see different format of radio buttons..................skipped
Then User selects Export to pdf button......................................skipped
When User clicks on download button.........................................skipped
Then User is on some page...................................................skipped
When User clicks on glossary link to go back................................skipped
Then User is on the home page of glossary...................................skipped
When User clicks on the list view button....................................skipped
Then User is able to goto list page.........................................skipped
]]></system-out>
</testcase>
<testcase classname="Automation Testing of Elearning Website" name="Automate the Notebook icon" time="0">
<system-out><![CDATA[Given User is on Elearning platform.........................................skipped
When user enters username and password......................................skipped
And User clicks on the login button.........................................skipped
Then User gets redirected to the dashboard..................................skipped
And User clicks on the My Courses on the menu bar...........................skipped
Then User gets redirected to the My Courses page............................skipped
And User clicks on 123testing...............................................skipped
Then User can see various icons.............................................skipped
Given User can see various icon7............................................skipped
When User clicks on the Notebook icon.......................................skipped
Then User is able to go to notebook home page...............................skipped
When User clicks on add new note in my personel notebook....................skipped
Then User is able to create new note........................................skipped
When User enters "admin" in note title......................................skipped
Then User is able to enter text in note title...............................skipped
When User enters "fdjgbrfhghojojyiojt59" in the note details................skipped
Then User is able to enter details of notes.................................skipped
When User clicks on create note button......................................skipped
Then User is able to create note............................................skipped
When User clicks on sort by date created....................................skipped
Then User is able to see that notes are sorted according its date...........skipped
When User clicks on sort by date last modified..............................skipped
Then User is able to see that notes are sorted according its date last modified.skipped
When User clicks on sort by title...........................................skipped
Then User is able to see that notes are sorted according its title..........skipped
When User clicks on edit button to edit note................................skipped
Then User is able to edit the note..........................................skipped
Then User enters "Hey there" in note detail.................................skipped
When User clicks on edit my personel note button............................skipped
Then User is able to edit the note on clicking button.......................skipped
When User clicks on delete button...........................................skipped
Then User have to accept the pop up.........................................skipped
Then User is able to see previous notes.....................................skipped
]]></system-out>
</testcase>
<testcase classname="Automation Testing of Elearning Website" name="Automate Selinium Project" time="0">
<system-out><![CDATA[Given User is on Elearning platform.........................................skipped
When user enters username and password......................................skipped
And User clicks on the login button.........................................skipped
Then User gets redirected to the dashboard..................................skipped
And User clicks on the My Courses on the menu bar...........................skipped
Then User gets redirected to the My Courses page............................skipped
And User clicks on 123testing...............................................skipped
Then User can see various icons.............................................skipped
Given User can see various icons8...........................................skipped
When User clicks on selinium project........................................skipped
Then User is able to goto selinium project home page........................skipped
When User clicks on Selenium task...........................................skipped
Then User is able to see information of that project........................skipped
Then User is able to see calender and the date of present day...............skipped
When User clicks on exp csv file............................................skipped
Then User is able to download exp file in csv format........................skipped
]]></system-out>
</testcase>
</testsuite>
